<?xml version="1.0" encoding="UTF-8"?>
<testsuite xmlns:xsi="http://www.w3.org/2001/XMLSchema-instance" xsi:noNamespaceSchemaLocation="https://maven.apache.org/surefire/maven-surefire-plugin/xsd/surefire-test-report-3.0.xsd" version="3.0" name="com.tecnoa.pos.modules.auth.AuthLoginIntegrationTest" time="8.388" tests="9" errors="0" skipped="0" failures="0">
  <properties>
[...]
</properties>
  <testcase name="dataSource_tenantSchema_hasUsuariosTable" classname="com.tecnoa.pos.modules.auth.AuthLoginIntegrationTest" time="0.376">
    <system-out><![CDATA[16:39:58.770 [main] INFO org.springframework.test.context.support.AnnotationConfigContextLoaderUtils -- Could not detect default configuration classes for test class [com.tecnoa.pos.modules.auth.AuthLoginIntegrationTest]: AuthLoginIntegrationTest does not declare any static, non-private, non-final, nested classes annotated with @Configuration.
16:39:58.903 [main] INFO org.springframework.boot.test.context.SpringBootTestContextBootstrapper -- Found @SpringBootConfiguration com.tecnoa.pos.FarmaciaPosApplication for test class com.tecnoa.pos.modules.auth.AuthLoginIntegrationTest

  .   ____          _            __ _ _
 /\\ / ___'_ __ _ _(_)_ __  __ _ \ \ \ \
( ( )\___ | '_ | '_| | '_ \/ _` | \ \ \ \
 \\/  ___)| |_)| | | | | || (_| |  ) ) ) )
  '  |____| .__|_| |_|_| |_\__, | / / / /
 =========|_|==============|___/=/_/_/_/

 :: Spring Boot ::                (v3.3.4)

2026-02-23T16:39:59.258-04:00  INFO 28824 --- [farmacia-pos-backend] [           main] c.t.p.m.auth.AuthLoginIntegrationTest    : Starting AuthLoginIntegrationTest using Java 21.0.7 with PID 28824 (started by hilce in D:\WORKSPACE\sistema-farmacia\source-backend\farmacia-pos-backend)
2026-02-23T16:39:59.259-04:00 DEBUG 28824 --- [farmacia-pos-backend] [           main] c.t.p.m.auth.AuthLoginIntegrationTest    : Running with Spring Boot v3.3.4, Spring v6.1.13
2026-02-23T16:39:59.259-04:00  INFO 28824 --- [farmacia-pos-backend] [           main] c.t.p.m.auth.AuthLoginIntegrationTest    : The following 1 profile is active: "test"
2026-02-23T16:40:00.846-04:00  INFO 28824 --- [farmacia-pos-backend] [           main] .s.d.r.c.RepositoryConfigurationDelegate : Bootstrapping Spring Data JPA repositories in DEFAULT mode.
2026-02-23T16:40:00.945-04:00  INFO 28824 --- [farmacia-pos-backend] [           main] .s.d.r.c.RepositoryConfigurationDelegate : Finished Spring Data repository scanning in 91 ms. Found 20 JPA repository interfaces.
2026-02-23T16:40:01.706-04:00  INFO 28824 --- [farmacia-pos-backend] [           main] o.hibernate.jpa.internal.util.LogHelper  : HHH000204: Processing PersistenceUnitInfo [name: default]
2026-02-23T16:40:01.827-04:00  INFO 28824 --- [farmacia-pos-backend] [           main] org.hibernate.Version                    : HHH000412: Hibernate ORM core version 6.5.3.Final
2026-02-23T16:40:01.868-04:00  INFO 28824 --- [farmacia-pos-backend] [           main] o.h.c.internal.RegionFactoryInitiator    : HHH000026: Second-level cache disabled
2026-02-23T16:40:02.156-04:00  INFO 28824 --- [farmacia-pos-backend] [           main] o.s.o.j.p.SpringPersistenceUnitInfo      : No LoadTimeWeaver setup: ignoring JPA class transformer
2026-02-23T16:40:02.176-04:00  INFO 28824 --- [farmacia-pos-backend] [           main] com.zaxxer.hikari.HikariDataSource       : HikariPool-1 - Starting...
2026-02-23T16:40:02.298-04:00  INFO 28824 --- [farmacia-pos-backend] [           main] com.zaxxer.hikari.pool.HikariPool        : HikariPool-1 - Added connection org.postgresql.jdbc.PgConnection@6fefc5ea
2026-02-23T16:40:02.300-04:00  INFO 28824 --- [farmacia-pos-backend] [           main] com.zaxxer.hikari.HikariDataSource       : HikariPool-1 - Start completed.
2026-02-23T16:40:02.304-04:00  INFO 28824 --- [farmacia-pos-backend] [           main] c.t.pos.config.TenantDataSourceConfig    : search_path set to: public
2026-02-23T16:40:02.329-04:00  WARN 28824 --- [farmacia-pos-backend] [           main] org.hibernate.orm.deprecation            : HHH90000025: PostgreSQLDialect does not need to be specified explicitly using 'hibernate.dialect' (remove the property setting and it will be selected by default)
2026-02-23T16:40:03.245-04:00  INFO 28824 --- [farmacia-pos-backend] [           main] o.h.e.t.j.p.i.JtaPlatformInitiator       : HHH000489: No JTA platform available (set 'hibernate.transaction.jta.platform' to enable JTA platform integration)
2026-02-23T16:40:03.247-04:00  INFO 28824 --- [farmacia-pos-backend] [           main] j.LocalContainerEntityManagerFactoryBean : Initialized JPA EntityManagerFactory for persistence unit 'default'
2026-02-23T16:40:03.617-04:00  INFO 28824 --- [farmacia-pos-backend] [           main] o.s.d.j.r.query.QueryEnhancerFactory     : Hibernate is in classpath; If applicable, HQL parser will be used.
2026-02-23T16:40:05.052-04:00  WARN 28824 --- [farmacia-pos-backend] [           main] JpaBaseConfiguration$JpaWebConfiguration : spring.jpa.open-in-view is enabled by default. Therefore, database queries may be performed during view rendering. Explicitly configure spring.jpa.open-in-view to disable this warning
2026-02-23T16:40:06.100-04:00  INFO 28824 --- [farmacia-pos-backend] [           main] c.t.p.m.auth.AuthLoginIntegrationTest    : Started AuthLoginIntegrationTest in 7.093 seconds (process running for 8.401)

=== [SETUP] Creando usuario de prueba en farmacia_noa ===
2026-02-23T16:40:06.121-04:00  INFO 28824 --- [farmacia-pos-backend] [           main] c.t.pos.config.TenantDataSourceConfig    : search_path set to: farmacia_noa
Usuarios actuales en farmacia_noa:
  - email=admin@demo.com                           activo=true
  - email=supervisor@demo.com                      activo=true
  - email=cajero@demo.com                          activo=true
Perfiles disponibles en farmacia_noa:
  - ADMIN                Administrador con acceso completo
  - SUPERVISOR           Supervisor con acceso a ventas, inventario y reportes
  - CAJERO               Cajero con acceso básico de ventas
Usuario creado: admin-test@farmacia-integration.com (id=622296e7-6109-4574-a026-770d712d2c17)
Perfil ADMIN asignado: 1 fila(s)
2026-02-23T16:40:06.571-04:00  INFO 28824 --- [farmacia-pos-backend] [           main] c.t.pos.config.TenantDataSourceConfig    : search_path set to: farmacia_noa
Tabla usuarios en farmacia_noa existe: true
]]></system-out>
    <system-err><![CDATA[WARNING: A Java agent has been loaded dynamically (C:\Users\hilce\.m2\repository\net\bytebuddy\byte-buddy-agent\1.14.19\byte-buddy-agent-1.14.19.jar)
WARNING: If a serviceability tool is in use, please run with -XX:+EnableDynamicAgentLoading to hide this warning
WARNING: If a serviceability tool is not in use, please run with -Djdk.instrument.traceUsage for more information
WARNING: Dynamic loading of agents will be disallowed by default in a future release
]]></system-err>
  </testcase>
  <testcase name="tenantContext_setIsImmediatelyVisible" classname="com.tecnoa.pos.modules.auth.AuthLoginIntegrationTest" time="0.004"/>
  <testcase name="login_unknownUser_throwsException" classname="com.tecnoa.pos.modules.auth.AuthLoginIntegrationTest" time="0.124">
    <system-out><![CDATA[2026-02-23T16:40:06.684-04:00 DEBUG 28824 --- [farmacia-pos-backend] [           main] org.hibernate.SQL                        : 
    select
        t1_0.id,
        t1_0.activo,
        t1_0.created_at,
        t1_0.nombre,
        t1_0.schema_name 
    from
        public.tenants t1_0 
    where
        t1_0.schema_name=? 
        and t1_0.activo
Hibernate: 
    select
        t1_0.id,
        t1_0.activo,
        t1_0.created_at,
        t1_0.nombre,
        t1_0.schema_name 
    from
        public.tenants t1_0 
    where
        t1_0.schema_name=? 
        and t1_0.activo
2026-02-23T16:40:06.686-04:00  INFO 28824 --- [farmacia-pos-backend] [           main] c.t.pos.config.TenantDataSourceConfig    : search_path set to: public
2026-02-23T16:40:06.702-04:00 DEBUG 28824 --- [farmacia-pos-backend] [           main] org.hibernate.SQL                        : 
    select
        u1_0.id,
        u1_0.activo,
        u1_0.created_at,
        u1_0.email,
        u1_0.nombre,
        u1_0.password 
    from
        usuarios u1_0 
    where
        u1_0.email=? 
        and u1_0.activo
Hibernate: 
    select
        u1_0.id,
        u1_0.activo,
        u1_0.created_at,
        u1_0.email,
        u1_0.nombre,
        u1_0.password 
    from
        usuarios u1_0 
    where
        u1_0.email=? 
        and u1_0.activo
2026-02-23T16:40:06.705-04:00  INFO 28824 --- [farmacia-pos-backend] [           main] c.t.pos.config.TenantDataSourceConfig    : search_path set to: farmacia_noa
]]></system-out>
  </testcase>
  <testcase name="login_tenantExistsInPublicTenants" classname="com.tecnoa.pos.modules.auth.AuthLoginIntegrationTest" time="0.026">
    <system-out><![CDATA[2026-02-23T16:40:06.716-04:00  INFO 28824 --- [farmacia-pos-backend] [         task-1] c.t.pos.config.TenantDataSourceConfig    : search_path set to: farmacia_noa
2026-02-23T16:40:06.732-04:00  INFO 28824 --- [farmacia-pos-backend] [           main] c.t.pos.config.TenantDataSourceConfig    : search_path set to: public
Tenant 'farmacia_noa' activo=true
]]></system-out>
  </testcase>
  <testcase name="login_validCredentials_returnsToken" classname="com.tecnoa.pos.modules.auth.AuthLoginIntegrationTest" time="0.175">
    <system-out><![CDATA[2026-02-23T16:40:06.742-04:00 DEBUG 28824 --- [farmacia-pos-backend] [           main] org.hibernate.SQL                        : 
    select
        t1_0.id,
        t1_0.activo,
        t1_0.created_at,
        t1_0.nombre,
        t1_0.schema_name 
    from
        public.tenants t1_0 
    where
        t1_0.schema_name=? 
        and t1_0.activo
Hibernate: 
    select
        t1_0.id,
        t1_0.activo,
        t1_0.created_at,
        t1_0.nombre,
        t1_0.schema_name 
    from
        public.tenants t1_0 
    where
        t1_0.schema_name=? 
        and t1_0.activo
2026-02-23T16:40:06.743-04:00  INFO 28824 --- [farmacia-pos-backend] [           main] c.t.pos.config.TenantDataSourceConfig    : search_path set to: public
2026-02-23T16:40:06.747-04:00 DEBUG 28824 --- [farmacia-pos-backend] [           main] org.hibernate.SQL                        : 
    select
        u1_0.id,
        u1_0.activo,
        u1_0.created_at,
        u1_0.email,
        u1_0.nombre,
        u1_0.password 
    from
        usuarios u1_0 
    where
        u1_0.email=? 
        and u1_0.activo
Hibernate: 
    select
        u1_0.id,
        u1_0.activo,
        u1_0.created_at,
        u1_0.email,
        u1_0.nombre,
        u1_0.password 
    from
        usuarios u1_0 
    where
        u1_0.email=? 
        and u1_0.activo
2026-02-23T16:40:06.748-04:00  INFO 28824 --- [farmacia-pos-backend] [           main] c.t.pos.config.TenantDataSourceConfig    : search_path set to: farmacia_noa
2026-02-23T16:40:06.754-04:00 DEBUG 28824 --- [farmacia-pos-backend] [         task-1] org.hibernate.SQL                        : 
    insert 
    into
        audit_logs
        (accion, descripcion, entidad, entidad_id, exitoso, fecha, ip_origen, modulo, user_agent, usuario_email, usuario_id, valor_anterior, valor_nuevo, id) 
    values
        (?, ?, ?, ?, ?, ?, ?, ?, ?, ?, ?, ?, ?, ?)
Hibernate: 
    insert 
    into
        audit_logs
        (accion, descripcion, entidad, entidad_id, exitoso, fecha, ip_origen, modulo, user_agent, usuario_email, usuario_id, valor_anterior, valor_nuevo, id) 
    values
        (?, ?, ?, ?, ?, ?, ?, ?, ?, ?, ?, ?, ?, ?)
2026-02-23T16:40:06.765-04:00 DEBUG 28824 --- [farmacia-pos-backend] [           main] org.hibernate.SQL                        : 
    select
        p1_0.usuario_id,
        p1_1.id,
        p1_1.descripcion,
        p1_1.nombre,
        r1_0.perfil_id,
        r1_1.id,
        r1_1.modulo,
        r1_1.nombre 
    from
        usuario_perfiles p1_0 
    join
        perfiles p1_1 
            on p1_1.id=p1_0.perfil_id 
    left join
        perfil_recursos r1_0 
            on p1_1.id=r1_0.perfil_id 
    left join
        recursos r1_1 
            on r1_1.id=r1_0.recurso_id 
    where
        p1_0.usuario_id=?
Hibernate: 
    select
        p1_0.usuario_id,
        p1_1.id,
        p1_1.descripcion,
        p1_1.nombre,
        r1_0.perfil_id,
        r1_1.id,
        r1_1.modulo,
        r1_1.nombre 
    from
        usuario_perfiles p1_0 
    join
        perfiles p1_1 
            on p1_1.id=p1_0.perfil_id 
    left join
        perfil_recursos r1_0 
            on p1_1.id=r1_0.perfil_id 
    left join
        recursos r1_1 
            on r1_1.id=r1_0.recurso_id 
    where
        p1_0.usuario_id=?
Token obtenido: eyJhbGciOiJIUzM4NCJ9...
Email:    admin-test@farmacia-integration.com
TenantId: farmacia_noa
Recursos: [inventario:ver, reportes:stock, laboratorios:ver, ventas:crear, usuarios:ver, principios-activos:editar, reportes:inventario, reportes:ventas, perfiles:crear, usuarios:crear, inventario:crear, sucursales:editar, inventario:movimientos, principios-activos:ver, catalogos:editar, inventario:ajuste, sucursales:ver, catalogos:ver, ventas:ver, inventario:editar, perfiles:editar, usuarios:editar, auditoria:ver, ventas:descuento, inventario:lotes, parametros:ver, parametros:editar, laboratorios:editar, ventas:anular, perfiles:ver, inventario:precios]
2026-02-23T16:40:06.908-04:00  INFO 28824 --- [farmacia-pos-backend] [         task-2] c.t.pos.config.TenantDataSourceConfig    : search_path set to: farmacia_noa
2026-02-23T16:40:06.909-04:00 DEBUG 28824 --- [farmacia-pos-backend] [         task-2] org.hibernate.SQL                        : 
    insert 
    into
        audit_logs
        (accion, descripcion, entidad, entidad_id, exitoso, fecha, ip_origen, modulo, user_agent, usuario_email, usuario_id, valor_anterior, valor_nuevo, id) 
    values
        (?, ?, ?, ?, ?, ?, ?, ?, ?, ?, ?, ?, ?, ?)
Hibernate: 
    insert 
    into
        audit_logs
        (accion, descripcion, entidad, entidad_id, exitoso, fecha, ip_origen, modulo, user_agent, usuario_email, usuario_id, valor_anterior, valor_nuevo, id) 
    values
        (?, ?, ?, ?, ?, ?, ?, ?, ?, ?, ?, ?, ?, ?)
]]></system-out>
  </testcase>
  <testcase name="login_wrongPassword_throwsException" classname="com.tecnoa.pos.modules.auth.AuthLoginIntegrationTest" time="0.074">
    <system-out><![CDATA[2026-02-23T16:40:06.918-04:00 DEBUG 28824 --- [farmacia-pos-backend] [           main] org.hibernate.SQL                        : 
    select
        t1_0.id,
        t1_0.activo,
        t1_0.created_at,
        t1_0.nombre,
        t1_0.schema_name 
    from
        public.tenants t1_0 
    where
        t1_0.schema_name=? 
        and t1_0.activo
Hibernate: 
    select
        t1_0.id,
        t1_0.activo,
        t1_0.created_at,
        t1_0.nombre,
        t1_0.schema_name 
    from
        public.tenants t1_0 
    where
        t1_0.schema_name=? 
        and t1_0.activo
2026-02-23T16:40:06.919-04:00  INFO 28824 --- [farmacia-pos-backend] [           main] c.t.pos.config.TenantDataSourceConfig    : search_path set to: public
2026-02-23T16:40:06.922-04:00 DEBUG 28824 --- [farmacia-pos-backend] [           main] org.hibernate.SQL                        : 
    select
        u1_0.id,
        u1_0.activo,
        u1_0.created_at,
        u1_0.email,
        u1_0.nombre,
        u1_0.password 
    from
        usuarios u1_0 
    where
        u1_0.email=? 
        and u1_0.activo
Hibernate: 
    select
        u1_0.id,
        u1_0.activo,
        u1_0.created_at,
        u1_0.email,
        u1_0.nombre,
        u1_0.password 
    from
        usuarios u1_0 
    where
        u1_0.email=? 
        and u1_0.activo
2026-02-23T16:40:06.924-04:00  INFO 28824 --- [farmacia-pos-backend] [           main] c.t.pos.config.TenantDataSourceConfig    : search_path set to: farmacia_noa
2026-02-23T16:40:06.925-04:00 DEBUG 28824 --- [farmacia-pos-backend] [           main] org.hibernate.SQL                        : 
    select
        p1_0.usuario_id,
        p1_1.id,
        p1_1.descripcion,
        p1_1.nombre,
        r1_0.perfil_id,
        r1_1.id,
        r1_1.modulo,
        r1_1.nombre 
    from
        usuario_perfiles p1_0 
    join
        perfiles p1_1 
            on p1_1.id=p1_0.perfil_id 
    left join
        perfil_recursos r1_0 
            on p1_1.id=r1_0.perfil_id 
    left join
        recursos r1_1 
            on r1_1.id=r1_0.recurso_id 
    where
        p1_0.usuario_id=?
Hibernate: 
    select
        p1_0.usuario_id,
        p1_1.id,
        p1_1.descripcion,
        p1_1.nombre,
        r1_0.perfil_id,
        r1_1.id,
        r1_1.modulo,
        r1_1.nombre 
    from
        usuario_perfiles p1_0 
    join
        perfiles p1_1 
            on p1_1.id=p1_0.perfil_id 
    left join
        perfil_recursos r1_0 
            on p1_1.id=r1_0.perfil_id 
    left join
        recursos r1_1 
            on r1_1.id=r1_0.recurso_id 
    where
        p1_0.usuario_id=?
]]></system-out>
  </testcase>
  <testcase name="dataSource_noTenant_searchPathIsPublic" classname="com.tecnoa.pos.modules.auth.AuthLoginIntegrationTest" time="0.006">
    <system-out><![CDATA[2026-02-23T16:40:06.990-04:00  INFO 28824 --- [farmacia-pos-backend] [         task-3] c.t.pos.config.TenantDataSourceConfig    : search_path set to: farmacia_noa
2026-02-23T16:40:06.992-04:00 DEBUG 28824 --- [farmacia-pos-backend] [         task-3] org.hibernate.SQL                        : 
    insert 
    into
        audit_logs
        (accion, descripcion, entidad, entidad_id, exitoso, fecha, ip_origen, modulo, user_agent, usuario_email, usuario_id, valor_anterior, valor_nuevo, id) 
    values
        (?, ?, ?, ?, ?, ?, ?, ?, ?, ?, ?, ?, ?, ?)
Hibernate: 
    insert 
    into
        audit_logs
        (accion, descripcion, entidad, entidad_id, exitoso, fecha, ip_origen, modulo, user_agent, usuario_email, usuario_id, valor_anterior, valor_nuevo, id) 
    values
        (?, ?, ?, ?, ?, ?, ?, ?, ?, ?, ?, ?, ?, ?)
2026-02-23T16:40:06.994-04:00  INFO 28824 --- [farmacia-pos-backend] [           main] c.t.pos.config.TenantDataSourceConfig    : search_path set to: public
search_path (sin tenant): public, public
]]></system-out>
  </testcase>
  <testcase name="login_invalidTenant_throwsException" classname="com.tecnoa.pos.modules.auth.AuthLoginIntegrationTest" time="0.012">
    <system-out><![CDATA[2026-02-23T16:40:07.000-04:00 DEBUG 28824 --- [farmacia-pos-backend] [           main] org.hibernate.SQL                        : 
    select
        t1_0.id,
        t1_0.activo,
        t1_0.created_at,
        t1_0.nombre,
        t1_0.schema_name 
    from
        public.tenants t1_0 
    where
        t1_0.schema_name=? 
        and t1_0.activo
Hibernate: 
    select
        t1_0.id,
        t1_0.activo,
        t1_0.created_at,
        t1_0.nombre,
        t1_0.schema_name 
    from
        public.tenants t1_0 
    where
        t1_0.schema_name=? 
        and t1_0.activo
2026-02-23T16:40:07.002-04:00  INFO 28824 --- [farmacia-pos-backend] [           main] c.t.pos.config.TenantDataSourceConfig    : search_path set to: public
2026-02-23T16:40:07.007-04:00 DEBUG 28824 --- [farmacia-pos-backend] [         task-4] c.t.p.m.auditoria.service.AuditService   : Audit log omitido: sin tenant (accion=LOGIN)
]]></system-out>
  </testcase>
  <testcase name="dataSource_withTenant_searchPathIsTenantSchema" classname="com.tecnoa.pos.modules.auth.AuthLoginIntegrationTest" time="0.006">
    <system-out><![CDATA[2026-02-23T16:40:07.013-04:00  INFO 28824 --- [farmacia-pos-backend] [           main] c.t.pos.config.TenantDataSourceConfig    : search_path set to: farmacia_noa
search_path (con tenant): farmacia_noa, public
]]></system-out>
  </testcase>
</testsuite>